Using pre-set license
Built from '2020.3/release' branch; Version is '2020.3.2f1 (8fd9074bf66c) revision 9427207'; Using compiler version '192528614'; Build Type 'Release'
OS: 'Windows 10 Home Single Language; OS build 19042.867; Version 2009; 64bit' Language: 'ru' Physical Memory: 4019 MB
BatchMode: 1, IsHumanControllingUs: 0, StartBugReporterOnCrash: 0, Is64bit: 1, IsPro: 0

 COMMAND LINE ARGUMENTS:
C:\Program Files\Unity\Hub\Editor\2020.3.2f1\Editor\Unity.exe
-adb2
-batchMode
-noUpm
-name
AssetImportWorker2
-projectPath
E:/Project/SpaceGame2021/ProjectSettings/New Unity Project
-logFile
Logs/AssetImportWorker2.log
-srvPort
65369
Successfully changed project path to: E:/Project/SpaceGame2021/ProjectSettings/New Unity Project
E:/Project/SpaceGame2021/ProjectSettings/New Unity Project
Using Asset Import Pipeline V2.
Refreshing native plugins compatible for Editor in 51.81 ms, found 0 plugins.
Preloading 0 native plugins for Editor in 0.00 ms.
Initialize engine version: 2020.3.2f1 (8fd9074bf66c)
[Subsystems] Discovering subsystems at path C:/Program Files/Unity/Hub/Editor/2020.3.2f1/Editor/Data/Resources/UnitySubsystems
[Subsystems] Discovering subsystems at path E:/Project/SpaceGame2021/ProjectSettings/New Unity Project/Assets
GfxDevice: creating device client; threaded=0
Direct3D:
    Version:  Direct3D 11.0 [level 11.0]
    Renderer: NVIDIA GeForce 820M (ID=0x1140)
    Vendor:   
    VRAM:     979 MB
    Driver:   22.21.13.8205
Initialize mono
Mono path[0] = 'C:/Program Files/Unity/Hub/Editor/2020.3.2f1/Editor/Data/Managed'
Mono path[1] = 'C:/Program Files/Unity/Hub/Editor/2020.3.2f1/Editor/Data/MonoBleedingEdge/lib/mono/unityjit'
Mono config path = 'C:/Program Files/Unity/Hub/Editor/2020.3.2f1/Editor/Data/MonoBleedingEdge/etc'
Using monoOptions --debugger-agent=transport=dt_socket,embedding=1,server=y,suspend=n,address=127.0.0.1:56128
Begin MonoManager ReloadAssembly
Registering precompiled unity dll's ...
Register platform support module: C:/Program Files/Unity/Hub/Editor/2020.3.2f1/Editor/Data/PlaybackEngines/WindowsStandaloneSupport/UnityEditor.WindowsStandalone.Extensions.dll
Registered in 0.006944 seconds.
Native extension for WindowsStandalone target not found
Refreshing native plugins compatible for Editor in 48.54 ms, found 0 plugins.
Preloading 0 native plugins for Editor in 0.00 ms.
Invoked RoslynAnalysisRunner static constructor.
RoslynAnalysisRunner will not be running.
RoslynAnalysisRunner has terminated.
Mono: successfully reloaded assembly
- Completed reload, in  4.538 seconds
Platform modules already initialized, skipping
Registering precompiled user dll's ...
Registered in 0.000923 seconds.
Begin MonoManager ReloadAssembly
Native extension for WindowsStandalone target not found
Refreshing native plugins compatible for Editor in 1.57 ms, found 0 plugins.
Preloading 0 native plugins for Editor in 0.00 ms.
Invoked RoslynAnalysisRunner static constructor.
RoslynAnalysisRunner will not be running.
RoslynAnalysisRunner has terminated.
Mono: successfully reloaded assembly
- Completed reload, in  2.404 seconds
Platform modules already initialized, skipping
========================================================================
Worker process is ready to serve import requests
Launched and connected shader compiler UnityShaderCompiler.exe after 0.38 seconds
Refreshing native plugins compatible for Editor in 0.65 ms, found 0 plugins.
Preloading 0 native plugins for Editor in 0.00 ms.
Unloading 1117 Unused Serialized files (Serialized files now loaded: 0)
System memory in use before: 57.3 MB.
System memory in use after: 57.3 MB.

Unloading 9 unused Assets to reduce memory usage. Loaded Objects now: 1560.
Total: 74.844400 ms (FindLiveObjects: 0.647700 ms CreateObjectMapping: 0.177000 ms MarkObjects: 73.733300 ms  DeleteObjects: 0.281000 ms)

========================================================================
Received Import Request.
  path: Assets/Jiggly Bubble Free/Textures/cubemap test.png
  artifactKey: Guid(221c9f1896905ca4d80d981b14b8e2a7) Importer(815301076,1909f56bfc062723c751e8b465ee728b)
Start importing Assets/Jiggly Bubble Free/Textures/cubemap test.png using Guid(221c9f1896905ca4d80d981b14b8e2a7) Importer(815301076,1909f56bfc062723c751e8b465ee728b)  -> (artifact id: 'f65ea7216d0dd9324f8bb7f68b78d55a') in 1.881827 seconds
  Import took 1.931733 seconds .

========================================================================
Received Import Request.
  Time since last request: 0.000352 seconds.
  path: Assets/Jiggly Bubble Free/Materials
  artifactKey: Guid(12c9f05787959754ba12e8fa6cf71922) Importer(815301076,1909f56bfc062723c751e8b465ee728b)
Start importing Assets/Jiggly Bubble Free/Materials using Guid(12c9f05787959754ba12e8fa6cf71922) Importer(815301076,1909f56bfc062723c751e8b465ee728b)  -> (artifact id: 'faedc4ecd7b8ea7f2ccc5d041ae50d40') in 0.017414 seconds
  Import took 0.023150 seconds .

========================================================================
Received Import Request.
  Time since last request: 0.000130 seconds.
  path: Assets/Jiggly Bubble Free/Textures/cubemap test.png
  artifactKey: Guid(221c9f1896905ca4d80d981b14b8e2a7) Importer(815301076,1909f56bfc062723c751e8b465ee728b)
Start importing Assets/Jiggly Bubble Free/Textures/cubemap test.png using Guid(221c9f1896905ca4d80d981b14b8e2a7) Importer(815301076,1909f56bfc062723c751e8b465ee728b)  -> (artifact id: 'f65ea7216d0dd9324f8bb7f68b78d55a') in 0.038357 seconds
  Import took 0.043450 seconds .

========================================================================
Received Import Request.
  Time since last request: 0.000333 seconds.
  path: Assets/Jiggly Bubble Free/Materials/bubble.mat
  artifactKey: Guid(cec0b2c714b441240b98d7c904818225) Importer(815301076,1909f56bfc062723c751e8b465ee728b)
Start importing Assets/Jiggly Bubble Free/Materials/bubble.mat using Guid(cec0b2c714b441240b98d7c904818225) Importer(815301076,1909f56bfc062723c751e8b465ee728b)  -> (artifact id: 'e850669ede84fc6196205975cb1b1966') in 0.311156 seconds
  Import took 0.317107 seconds .

========================================================================
Received Import Request.
  Time since last request: 0.002268 seconds.
  path: Assets/Jiggly Bubble Free/Materials/bubble cubemap skybox.mat
  artifactKey: Guid(f955a97081915034a98a5885275adb9d) Importer(815301076,1909f56bfc062723c751e8b465ee728b)
Start importing Assets/Jiggly Bubble Free/Materials/bubble cubemap skybox.mat using Guid(f955a97081915034a98a5885275adb9d) Importer(815301076,1909f56bfc062723c751e8b465ee728b)  -> (artifact id: '074c217b72386ca382cffbb61c7418e5') in 0.041332 seconds
  Import took 0.048619 seconds .

========================================================================
Received Import Request.
  Time since last request: 0.000431 seconds.
  path: Assets/Jiggly Bubble Free/Textures/bubble_soapy_sheet.png
  artifactKey: Guid(e11a2e82d23744f4bbaa2bf0d00a7dac) Importer(815301076,1909f56bfc062723c751e8b465ee728b)
Start importing Assets/Jiggly Bubble Free/Textures/bubble_soapy_sheet.png using Guid(e11a2e82d23744f4bbaa2bf0d00a7dac) Importer(815301076,1909f56bfc062723c751e8b465ee728b)  -> (artifact id: '625362b2ea5e9a8e0399f2a7ee9fa892') in 0.073053 seconds
  Import took 0.079391 seconds .

========================================================================
Received Import Request.
  Time since last request: 0.000412 seconds.
  path: Assets/Jiggly Bubble Free/Textures/circle.png
  artifactKey: Guid(827cfc83afa113f4b9f699ad6afc5941) Importer(815301076,1909f56bfc062723c751e8b465ee728b)
Start importing Assets/Jiggly Bubble Free/Textures/circle.png using Guid(827cfc83afa113f4b9f699ad6afc5941) Importer(815301076,1909f56bfc062723c751e8b465ee728b)  -> (artifact id: '91e67df70bdc0c077b93a6f7bd75c680') in 0.041422 seconds
  Import took 0.047941 seconds .

========================================================================
Received Import Request.
  Time since last request: 0.000366 seconds.
  path: Assets/Jiggly Bubble Free/Textures/bubble_grey.psd
  artifactKey: Guid(364dfee8dc474ba46b35ad1e0803a746) Importer(815301076,1909f56bfc062723c751e8b465ee728b)
Start importing Assets/Jiggly Bubble Free/Textures/bubble_grey.psd using Guid(364dfee8dc474ba46b35ad1e0803a746) Importer(815301076,1909f56bfc062723c751e8b465ee728b)  -> (artifact id: 'c600ec7e218d0ffff2b723f280b79127') in 0.041099 seconds
  Import took 0.045491 seconds .

========================================================================
Received Import Request.
  Time since last request: 0.000335 seconds.
  path: Assets/Jiggly Bubble Free/Textures/bubble.png
  artifactKey: Guid(0a2702066098739458b46ca8a46ab838) Importer(815301076,1909f56bfc062723c751e8b465ee728b)
Start importing Assets/Jiggly Bubble Free/Textures/bubble.png using Guid(0a2702066098739458b46ca8a46ab838) Importer(815301076,1909f56bfc062723c751e8b465ee728b)  -> (artifact id: 'c287ad2205c5d0b0c78668f9308ba100') in 0.016784 seconds
  Import took 0.020953 seconds .

========================================================================
Received Import Request.
  Time since last request: 0.000318 seconds.
  path: Assets/Jiggly Bubble Free/Materials/bubble cubemap.mat
  artifactKey: Guid(45ef1c220d547b848854241c81d513f0) Importer(815301076,1909f56bfc062723c751e8b465ee728b)
Start importing Assets/Jiggly Bubble Free/Materials/bubble cubemap.mat using Guid(45ef1c220d547b848854241c81d513f0) Importer(815301076,1909f56bfc062723c751e8b465ee728b)  -> (artifact id: '68e56be18d7cf977b33ce4b3009f50d3') in 0.102516 seconds
  Import took 0.109116 seconds .

========================================================================
Received Import Request.
  Time since last request: 0.000657 seconds.
  path: Assets/Jiggly Bubble Free/Materials/bubble_sheet.mat
  artifactKey: Guid(57f73b2c859446646ab31ce06c104c83) Importer(815301076,1909f56bfc062723c751e8b465ee728b)
Start importing Assets/Jiggly Bubble Free/Materials/bubble_sheet.mat using Guid(57f73b2c859446646ab31ce06c104c83) Importer(815301076,1909f56bfc062723c751e8b465ee728b)  -> (artifact id: '5aac4d4c8dd3816d82cd25a92eb3dfd7') in 0.062437 seconds
  Import took 0.070434 seconds .

========================================================================
Received Import Request.
  Time since last request: 0.000730 seconds.
  path: Assets/Jiggly Bubble Free
  artifactKey: Guid(ff91fc871ada1a744aca06f3ad081fbf) Importer(815301076,1909f56bfc062723c751e8b465ee728b)
Start importing Assets/Jiggly Bubble Free using Guid(ff91fc871ada1a744aca06f3ad081fbf) Importer(815301076,1909f56bfc062723c751e8b465ee728b)  -> (artifact id: '813410588301eada6293ccf1ca90cb6b') in 0.033259 seconds
  Import took 0.038673 seconds .

========================================================================
Received Import Request.
  Time since last request: 0.000457 seconds.
  path: Assets/Jiggly Bubble Free/Textures
  artifactKey: Guid(7a8ecd37713cc604f8969b7c312f3fb4) Importer(815301076,1909f56bfc062723c751e8b465ee728b)
Start importing Assets/Jiggly Bubble Free/Textures using Guid(7a8ecd37713cc604f8969b7c312f3fb4) Importer(815301076,1909f56bfc062723c751e8b465ee728b)  -> (artifact id: '4b3864be170589abb5b77331354cc8a1') in 0.014957 seconds
  Import took 0.022060 seconds .

========================================================================
Received Import Request.
  Time since last request: 0.000326 seconds.
  path: Assets/Jiggly Bubble Free/readme_Jiggly_Bubble_Free.txt
  artifactKey: Guid(6c9e53664d3668949904e4836239496a) Importer(815301076,1909f56bfc062723c751e8b465ee728b)
Start importing Assets/Jiggly Bubble Free/readme_Jiggly_Bubble_Free.txt using Guid(6c9e53664d3668949904e4836239496a) Importer(815301076,1909f56bfc062723c751e8b465ee728b)  -> (artifact id: '94d2ac27b58f24e93b2e46fde306536c') in 0.067483 seconds
  Import took 0.071707 seconds .

========================================================================
Received Import Request.
  Time since last request: 8.145970 seconds.
  path: Assets/Jiggly Bubble Free/Prefabs/Particle jiggly bubble soapy cubemap skybox.prefab
  artifactKey: Guid(d8b56b4d9f7ade24082aebbe30daa6c3) Importer(815301076,1909f56bfc062723c751e8b465ee728b)
Start importing Assets/Jiggly Bubble Free/Prefabs/Particle jiggly bubble soapy cubemap skybox.prefab using Guid(d8b56b4d9f7ade24082aebbe30daa6c3) Importer(815301076,1909f56bfc062723c751e8b465ee728b)  -> (artifact id: '5afd52a6814a73b717d50bcd31138d9b') in 0.100117 seconds
  Import took 0.105799 seconds .

========================================================================
Received Import Request.
  Time since last request: 0.000431 seconds.
  path: Assets/Jiggly Bubble Free/Prefabs
  artifactKey: Guid(9aa99ff339c496445b6cb30879b5330a) Importer(815301076,1909f56bfc062723c751e8b465ee728b)
Start importing Assets/Jiggly Bubble Free/Prefabs using Guid(9aa99ff339c496445b6cb30879b5330a) Importer(815301076,1909f56bfc062723c751e8b465ee728b)  -> (artifact id: '28c8f62e863b3b17114e6f1411a74196') in 0.012005 seconds
  Import took 0.015913 seconds .

========================================================================
Received Import Request.
  Time since last request: 0.000419 seconds.
  path: Assets/Jiggly Bubble Free/Prefabs/Particle jiggly bubble soapy cubemap.prefab
  artifactKey: Guid(d7689380619fd894c8508730e2bed11f) Importer(815301076,1909f56bfc062723c751e8b465ee728b)
Start importing Assets/Jiggly Bubble Free/Prefabs/Particle jiggly bubble soapy cubemap.prefab using Guid(d7689380619fd894c8508730e2bed11f) Importer(815301076,1909f56bfc062723c751e8b465ee728b)  -> (artifact id: '319b0c01d8d4cfaa83ab9ba01a50174b') in 0.018882 seconds
  Import took 0.023303 seconds .

========================================================================
Received Import Request.
  Time since last request: 0.000529 seconds.
  path: Assets/Jiggly Bubble Free/Prefabs/Particle jiggly bubble soapy.prefab
  artifactKey: Guid(0d1adb20421ed664b800c8cf3d103e70) Importer(815301076,1909f56bfc062723c751e8b465ee728b)
Start importing Assets/Jiggly Bubble Free/Prefabs/Particle jiggly bubble soapy.prefab using Guid(0d1adb20421ed664b800c8cf3d103e70) Importer(815301076,1909f56bfc062723c751e8b465ee728b)  -> (artifact id: 'fd09c88e2e1494ba8e06d1b9da00d760') in 0.026033 seconds
  Import took 0.033519 seconds .

========================================================================
Received Import Request.
  Time since last request: 53.986206 seconds.
  path: Assets/Jiggly Bubble Free/Scenes
  artifactKey: Guid(f5bedc152fa75fa499e9fed05a474de3) Importer(815301076,1909f56bfc062723c751e8b465ee728b)
Start importing Assets/Jiggly Bubble Free/Scenes using Guid(f5bedc152fa75fa499e9fed05a474de3) Importer(815301076,1909f56bfc062723c751e8b465ee728b)  -> (artifact id: '590819041bd95d090f4dbd40efaf85f5') in 0.071147 seconds
  Import took 0.078527 seconds .

========================================================================
Received Import Request.
  Time since last request: 1.319520 seconds.
  path: Assets/Jiggly Bubble Free/Scenes/bubble cubemap.unity
  artifactKey: Guid(3d9c6c54da3c45e4bb2390c8a6373522) Importer(815301076,1909f56bfc062723c751e8b465ee728b)
Start importing Assets/Jiggly Bubble Free/Scenes/bubble cubemap.unity using Guid(3d9c6c54da3c45e4bb2390c8a6373522) Importer(815301076,1909f56bfc062723c751e8b465ee728b)  -> (artifact id: 'b7fab08a51c45cc52bb4644a80c669d1') in 0.030570 seconds
  Import took 0.041714 seconds .

========================================================================
Received Import Request.
  Time since last request: 0.001174 seconds.
  path: Assets/Jiggly Bubble Free/Scenes/bubble cubemap.unity
  artifactKey: Guid(3d9c6c54da3c45e4bb2390c8a6373522) Importer(815301076,1909f56bfc062723c751e8b465ee728b)
Start importing Assets/Jiggly Bubble Free/Scenes/bubble cubemap.unity using Guid(3d9c6c54da3c45e4bb2390c8a6373522) Importer(815301076,1909f56bfc062723c751e8b465ee728b)  -> (artifact id: 'b7fab08a51c45cc52bb4644a80c669d1') in 0.019218 seconds
  Import took 0.031779 seconds .

========================================================================
Received Import Request.
  Time since last request: 265.977281 seconds.
  path: Assets/Jiggly Bubble Free/Shaders
  artifactKey: Guid(1c9480ce51cfe5c49b148cd01a2f7833) Importer(815301076,1909f56bfc062723c751e8b465ee728b)
Start importing Assets/Jiggly Bubble Free/Shaders using Guid(1c9480ce51cfe5c49b148cd01a2f7833) Importer(815301076,1909f56bfc062723c751e8b465ee728b)  -> (artifact id: 'aa3211951e29b847d48cb3516f136b49') in 0.018251 seconds
  Import took 0.025126 seconds .

========================================================================
Received Import Request.
  Time since last request: 85.222483 seconds.
  path: Assets/Jiggly Bubble Free/Materials/bubble cubemap skybox.mat
  artifactKey: Guid(f955a97081915034a98a5885275adb9d) Importer(815301076,1909f56bfc062723c751e8b465ee728b)
Start importing Assets/Jiggly Bubble Free/Materials/bubble cubemap skybox.mat using Guid(f955a97081915034a98a5885275adb9d) Importer(815301076,1909f56bfc062723c751e8b465ee728b)  -> (artifact id: 'f00a3fe7ab1a2d3b57910211fef761db') in 0.054732 seconds
  Import took 0.064378 seconds .

AssetImportWorkerClient::OnTransportError - code=2 error=End of file
