Using pre-set license
Built from '2020.2/release' branch; Version is '2020.2.1f1 (270dd8c3da1c) revision 2559448'; Using compiler version '192528614'; Build Type 'Release'
OS: 'Windows 10  (10.0.0) 64bit' Language: 'ru' Physical Memory: 16301 MB
BatchMode: 1, IsHumanControllingUs: 0, StartBugReporterOnCrash: 0, Is64bit: 1, IsPro: 0

 COMMAND LINE ARGUMENTS:
D:\Unity\Editor\2020.2.1f1\Editor\Unity.exe
-adb2
-batchMode
-noUpm
-name
AssetImportWorker0
-projectPath
C:/Users/Helveg/SpaceGame
-logFile
Logs/AssetImportWorker0.log
-srvPort
51974
Successfully changed project path to: C:/Users/Helveg/SpaceGame
C:/Users/Helveg/SpaceGame
Using Asset Import Pipeline V2.
Refreshing native plugins compatible for Editor in 35.20 ms, found 0 plugins.
Preloading 0 native plugins for Editor in 0.00 ms.
Initialize engine version: 2020.2.1f1 (270dd8c3da1c)
[Subsystems] Discovering subsystems at path D:/Unity/Editor/2020.2.1f1/Editor/Data/Resources/UnitySubsystems
[Subsystems] Discovering subsystems at path C:/Users/Helveg/SpaceGame/Assets
GfxDevice: creating device client; threaded=0
Direct3D:
    Version:  Direct3D 11.0 [level 11.1]
    Renderer: NVIDIA GeForce GTX 1080 Ti (ID=0x1b06)
    Vendor:   
    VRAM:     11127 MB
    Driver:   27.21.14.6109
Shader 'WFX/Transparent Specular': fallback shader 'Particles/Alpha Blended' not found
Shader 'WFX/Transparent Diffuse': fallback shader 'Particles/Alpha Blended' not found
Initialize mono
Mono path[0] = 'D:/Unity/Editor/2020.2.1f1/Editor/Data/Managed'
Mono path[1] = 'D:/Unity/Editor/2020.2.1f1/Editor/Data/MonoBleedingEdge/lib/mono/unityjit'
Mono config path = 'D:/Unity/Editor/2020.2.1f1/Editor/Data/MonoBleedingEdge/etc'
Using monoOptions --debugger-agent=transport=dt_socket,embedding=1,server=y,suspend=n,address=127.0.0.1:56340
Begin MonoManager ReloadAssembly
Registering precompiled unity dll's ...
Register platform support module: D:/Unity/Editor/2020.2.1f1/Editor/Data/PlaybackEngines/WindowsStandaloneSupport/UnityEditor.WindowsStandalone.Extensions.dll
Registered in 0.001344 seconds.
Native extension for WindowsStandalone target not found
Refreshing native plugins compatible for Editor in 34.84 ms, found 0 plugins.
Preloading 0 native plugins for Editor in 0.00 ms.
Invoked RoslynAnalysisRunner static constructor.
RoslynAnalysisRunner will not be running.
RoslynAnalysisRunner has terminated.
Mono: successfully reloaded assembly
- Completed reload, in  1.775 seconds
Platform modules already initialized, skipping
Registering precompiled user dll's ...
Registered in 0.000811 seconds.
Begin MonoManager ReloadAssembly
Native extension for WindowsStandalone target not found
Refreshing native plugins compatible for Editor in 0.34 ms, found 0 plugins.
Preloading 0 native plugins for Editor in 0.00 ms.
Invoked RoslynAnalysisRunner static constructor.
RoslynAnalysisRunner will not be running.
RoslynAnalysisRunner has terminated.
Mono: successfully reloaded assembly
- Completed reload, in  1.166 seconds
Platform modules already initialized, skipping
========================================================================
Worker process is ready to serve import requests
Shader 'WFX/Transparent Specular': fallback shader 'Particles/Alpha Blended' not found
Shader 'WFX/Transparent Diffuse': fallback shader 'Particles/Alpha Blended' not found
Launched and connected shader compiler UnityShaderCompiler.exe after 0.04 seconds
Refreshing native plugins compatible for Editor in 0.41 ms, found 0 plugins.
Preloading 0 native plugins for Editor in 0.00 ms.
Unloading 1097 Unused Serialized files (Serialized files now loaded: 0)
System memory in use before: 58.6 MB.
System memory in use after: 58.7 MB.

Unloading 9 unused Assets to reduce memory usage. Loaded Objects now: 1541.
Total: 2.293100 ms (FindLiveObjects: 0.369000 ms CreateObjectMapping: 0.075100 ms MarkObjects: 1.781700 ms  DeleteObjects: 0.065000 ms)

========================================================================
Received Import Request.
  path: Assets/AsteroidScript.cs
  artifactKey: Guid(a088ff34f55d47248940f1d899fad411) Importer(815301076,1909f56bfc062723c751e8b465ee728b)
Start importing Assets/AsteroidScript.cs using Guid(a088ff34f55d47248940f1d899fad411) Importer(815301076,1909f56bfc062723c751e8b465ee728b)  -> (artifact id: 'e3dc37b8b1f6e05a217483502f81bed9') in 0.177665 seconds
  Import took 0.180726 seconds .

========================================================================
Received Prepare
Shader 'WFX/Transparent Specular': fallback shader 'Particles/Alpha Blended' not found
Shader 'WFX/Transparent Diffuse': fallback shader 'Particles/Alpha Blended' not found
Refreshing native plugins compatible for Editor in 1.01 ms, found 0 plugins.
Preloading 0 native plugins for Editor in 0.00 ms.
Unloading 3 Unused Serialized files (Serialized files now loaded: 0)
System memory in use before: 36.5 MB.
System memory in use after: 36.6 MB.

Unloading 2 unused Assets to reduce memory usage. Loaded Objects now: 1541.
Total: 2.014200 ms (FindLiveObjects: 0.181800 ms CreateObjectMapping: 0.047600 ms MarkObjects: 1.768300 ms  DeleteObjects: 0.014500 ms)

========================================================================
Received Prepare
Registering precompiled user dll's ...
Registered in 0.000900 seconds.
Begin MonoManager ReloadAssembly
Native extension for WindowsStandalone target not found
Refreshing native plugins compatible for Editor in 0.35 ms, found 0 plugins.
Preloading 0 native plugins for Editor in 0.00 ms.
Invoked RoslynAnalysisRunner static constructor.
RoslynAnalysisRunner will not be running.
RoslynAnalysisRunner has terminated.
Mono: successfully reloaded assembly
- Completed reload, in  1.141 seconds
Platform modules already initialized, skipping
Shader 'WFX/Transparent Specular': fallback shader 'Particles/Alpha Blended' not found
Shader 'WFX/Transparent Diffuse': fallback shader 'Particles/Alpha Blended' not found
Refreshing native plugins compatible for Editor in 0.35 ms, found 0 plugins.
Preloading 0 native plugins for Editor in 0.00 ms.
Unloading 1080 Unused Serialized files (Serialized files now loaded: 0)
System memory in use before: 58.2 MB.
System memory in use after: 58.3 MB.

Unloading 4 unused Assets to reduce memory usage. Loaded Objects now: 1543.
Total: 2.940500 ms (FindLiveObjects: 0.230000 ms CreateObjectMapping: 0.089800 ms MarkObjects: 2.591900 ms  DeleteObjects: 0.026500 ms)

========================================================================
Received Prepare
Registering precompiled user dll's ...
Registered in 0.000956 seconds.
Begin MonoManager ReloadAssembly
Native extension for WindowsStandalone target not found
Refreshing native plugins compatible for Editor in 0.32 ms, found 0 plugins.
Preloading 0 native plugins for Editor in 0.00 ms.
Invoked RoslynAnalysisRunner static constructor.
RoslynAnalysisRunner will not be running.
RoslynAnalysisRunner has terminated.
Mono: successfully reloaded assembly
- Completed reload, in  1.231 seconds
Platform modules already initialized, skipping
Shader 'WFX/Transparent Specular': fallback shader 'Particles/Alpha Blended' not found
Shader 'WFX/Transparent Diffuse': fallback shader 'Particles/Alpha Blended' not found
Refreshing native plugins compatible for Editor in 0.36 ms, found 0 plugins.
Preloading 0 native plugins for Editor in 0.00 ms.
Unloading 1080 Unused Serialized files (Serialized files now loaded: 0)
System memory in use before: 58.9 MB.
System memory in use after: 58.9 MB.

Unloading 4 unused Assets to reduce memory usage. Loaded Objects now: 1545.
Total: 1.716000 ms (FindLiveObjects: 0.148900 ms CreateObjectMapping: 0.047600 ms MarkObjects: 1.502900 ms  DeleteObjects: 0.015100 ms)

========================================================================
Received Import Request.
  Time since last request: 775.686429 seconds.
  path: Assets/Asteroid.prefab
  artifactKey: Guid(d7941ffaa4207ba479802c91dafe3e37) Importer(815301076,1909f56bfc062723c751e8b465ee728b)
Start importing Assets/Asteroid.prefab using Guid(d7941ffaa4207ba479802c91dafe3e37) Importer(815301076,1909f56bfc062723c751e8b465ee728b)  -> (artifact id: 'df0987f28bd2715f68db2b4160a1d0a7') in 0.165215 seconds
  Import took 0.169857 seconds .

========================================================================
Received Import Request.
  Time since last request: 3.459919 seconds.
  path: Assets/Asteroid.prefab
  artifactKey: Guid(d7941ffaa4207ba479802c91dafe3e37) Importer(815301076,1909f56bfc062723c751e8b465ee728b)
Start importing Assets/Asteroid.prefab using Guid(d7941ffaa4207ba479802c91dafe3e37) Importer(815301076,1909f56bfc062723c751e8b465ee728b)  -> (artifact id: 'c1d8722aa5e4aeae01556639e17ded61') in 0.032413 seconds
  Import took 0.037051 seconds .

========================================================================
Received Import Request.
  Time since last request: 5.168608 seconds.
  path: Assets/Asteroid.prefab
  artifactKey: Guid(d7941ffaa4207ba479802c91dafe3e37) Importer(815301076,1909f56bfc062723c751e8b465ee728b)
Start importing Assets/Asteroid.prefab using Guid(d7941ffaa4207ba479802c91dafe3e37) Importer(815301076,1909f56bfc062723c751e8b465ee728b)  -> (artifact id: '9072ebee85485cdea836a1b317085da8') in 0.026569 seconds
  Import took 0.031088 seconds .

========================================================================
Received Prepare
Registering precompiled user dll's ...
Registered in 0.001289 seconds.
Begin MonoManager ReloadAssembly
Native extension for WindowsStandalone target not found
Refreshing native plugins compatible for Editor in 0.35 ms, found 0 plugins.
Preloading 0 native plugins for Editor in 0.00 ms.
Invoked RoslynAnalysisRunner static constructor.
RoslynAnalysisRunner will not be running.
RoslynAnalysisRunner has terminated.
Mono: successfully reloaded assembly
- Completed reload, in  0.947 seconds
Platform modules already initialized, skipping
Shader 'WFX/Transparent Specular': fallback shader 'Particles/Alpha Blended' not found
Shader 'WFX/Transparent Diffuse': fallback shader 'Particles/Alpha Blended' not found
Refreshing native plugins compatible for Editor in 0.32 ms, found 0 plugins.
Preloading 0 native plugins for Editor in 0.00 ms.
Unloading 1080 Unused Serialized files (Serialized files now loaded: 0)
System memory in use before: 62.4 MB.
System memory in use after: 62.5 MB.

Unloading 4 unused Assets to reduce memory usage. Loaded Objects now: 1555.
Total: 1.950200 ms (FindLiveObjects: 0.285600 ms CreateObjectMapping: 0.076000 ms MarkObjects: 1.571000 ms  DeleteObjects: 0.015700 ms)

========================================================================
Received Import Request.
  Time since last request: 42.670074 seconds.
  path: Assets/Asteroid.prefab
  artifactKey: Guid(d7941ffaa4207ba479802c91dafe3e37) Importer(815301076,1909f56bfc062723c751e8b465ee728b)
Start importing Assets/Asteroid.prefab using Guid(d7941ffaa4207ba479802c91dafe3e37) Importer(815301076,1909f56bfc062723c751e8b465ee728b)  -> (artifact id: '31cd7413ca340503640f3cd7fc8074b9') in 0.098624 seconds
  Import took 0.103516 seconds .

========================================================================
Received Import Request.
  Time since last request: 3.490682 seconds.
  path: Assets/Asteroid.prefab
  artifactKey: Guid(d7941ffaa4207ba479802c91dafe3e37) Importer(815301076,1909f56bfc062723c751e8b465ee728b)
Start importing Assets/Asteroid.prefab using Guid(d7941ffaa4207ba479802c91dafe3e37) Importer(815301076,1909f56bfc062723c751e8b465ee728b)  -> (artifact id: '649045013644a719805c03100e24836b') in 0.031735 seconds
  Import took 0.036156 seconds .

========================================================================
Received Prepare
Registering precompiled user dll's ...
Registered in 0.001210 seconds.
Begin MonoManager ReloadAssembly
Native extension for WindowsStandalone target not found
Refreshing native plugins compatible for Editor in 0.33 ms, found 0 plugins.
Preloading 0 native plugins for Editor in 0.00 ms.
Invoked RoslynAnalysisRunner static constructor.
RoslynAnalysisRunner will not be running.
RoslynAnalysisRunner has terminated.
Mono: successfully reloaded assembly
- Completed reload, in  1.042 seconds
Platform modules already initialized, skipping
Shader 'WFX/Transparent Specular': fallback shader 'Particles/Alpha Blended' not found
Shader 'WFX/Transparent Diffuse': fallback shader 'Particles/Alpha Blended' not found
Refreshing native plugins compatible for Editor in 0.32 ms, found 0 plugins.
Preloading 0 native plugins for Editor in 0.00 ms.
Unloading 1080 Unused Serialized files (Serialized files now loaded: 0)
System memory in use before: 61.8 MB.
System memory in use after: 61.9 MB.

Unloading 4 unused Assets to reduce memory usage. Loaded Objects now: 1558.
Total: 1.612100 ms (FindLiveObjects: 0.128600 ms CreateObjectMapping: 0.048800 ms MarkObjects: 1.418800 ms  DeleteObjects: 0.014700 ms)

========================================================================
Received Import Request.
  Time since last request: 153.223662 seconds.
  path: Assets/Asteroid.prefab
  artifactKey: Guid(d7941ffaa4207ba479802c91dafe3e37) Importer(815301076,1909f56bfc062723c751e8b465ee728b)
Start importing Assets/Asteroid.prefab using Guid(d7941ffaa4207ba479802c91dafe3e37) Importer(815301076,1909f56bfc062723c751e8b465ee728b)  -> (artifact id: '2159a246619aa3cf6e28cc75c91274b5') in 0.101619 seconds
  Import took 0.105577 seconds .

========================================================================
Received Prepare
Registering precompiled user dll's ...
Registered in 0.000878 seconds.
Begin MonoManager ReloadAssembly
Native extension for WindowsStandalone target not found
Refreshing native plugins compatible for Editor in 0.33 ms, found 0 plugins.
Preloading 0 native plugins for Editor in 0.00 ms.
Invoked RoslynAnalysisRunner static constructor.
RoslynAnalysisRunner will not be running.
RoslynAnalysisRunner has terminated.
Mono: successfully reloaded assembly
- Completed reload, in  0.913 seconds
Platform modules already initialized, skipping
Shader 'WFX/Transparent Specular': fallback shader 'Particles/Alpha Blended' not found
Shader 'WFX/Transparent Diffuse': fallback shader 'Particles/Alpha Blended' not found
Refreshing native plugins compatible for Editor in 0.32 ms, found 0 plugins.
Preloading 0 native plugins for Editor in 0.00 ms.
Unloading 1080 Unused Serialized files (Serialized files now loaded: 0)
System memory in use before: 62.3 MB.
System memory in use after: 62.4 MB.

Unloading 4 unused Assets to reduce memory usage. Loaded Objects now: 1561.
Total: 3.041900 ms (FindLiveObjects: 0.268800 ms CreateObjectMapping: 0.091700 ms MarkObjects: 2.652300 ms  DeleteObjects: 0.025700 ms)

========================================================================
Received Import Request.
  Time since last request: 84.260549 seconds.
  path: Assets/Asteroid.prefab
  artifactKey: Guid(d7941ffaa4207ba479802c91dafe3e37) Importer(815301076,1909f56bfc062723c751e8b465ee728b)
Start importing Assets/Asteroid.prefab using Guid(d7941ffaa4207ba479802c91dafe3e37) Importer(815301076,1909f56bfc062723c751e8b465ee728b)  -> (artifact id: '0d0da779987ecfe18b5650fb9e1544f4') in 0.096395 seconds
  Import took 0.101114 seconds .

========================================================================
Received Import Request.
  Time since last request: 10.946480 seconds.
  path: Assets/Asteroid.prefab
  artifactKey: Guid(d7941ffaa4207ba479802c91dafe3e37) Importer(815301076,1909f56bfc062723c751e8b465ee728b)
Start importing Assets/Asteroid.prefab using Guid(d7941ffaa4207ba479802c91dafe3e37) Importer(815301076,1909f56bfc062723c751e8b465ee728b)  -> (artifact id: '28a472f8e51b4841d6e9a7daec560097') in 0.026033 seconds
  Import took 0.031090 seconds .

========================================================================
Received Import Request.
  Time since last request: 1.593178 seconds.
  path: Assets/Asteroid.prefab
  artifactKey: Guid(d7941ffaa4207ba479802c91dafe3e37) Importer(815301076,1909f56bfc062723c751e8b465ee728b)
Start importing Assets/Asteroid.prefab using Guid(d7941ffaa4207ba479802c91dafe3e37) Importer(815301076,1909f56bfc062723c751e8b465ee728b)  -> (artifact id: '9482d27682789ded55c4409771896b66') in 0.027307 seconds
  Import took 0.032224 seconds .

========================================================================
Received Import Request.
  Time since last request: 1.667883 seconds.
  path: Assets/Asteroid.prefab
  artifactKey: Guid(d7941ffaa4207ba479802c91dafe3e37) Importer(815301076,1909f56bfc062723c751e8b465ee728b)
Start importing Assets/Asteroid.prefab using Guid(d7941ffaa4207ba479802c91dafe3e37) Importer(815301076,1909f56bfc062723c751e8b465ee728b)  -> (artifact id: 'f4ef5af0648589a5c5e82a754fa0b8c3') in 0.036025 seconds
  Import took 0.042423 seconds .

========================================================================
Received Import Request.
  Time since last request: 14.651501 seconds.
  path: Assets/Asteroid.prefab
  artifactKey: Guid(d7941ffaa4207ba479802c91dafe3e37) Importer(815301076,1909f56bfc062723c751e8b465ee728b)
Start importing Assets/Asteroid.prefab using Guid(d7941ffaa4207ba479802c91dafe3e37) Importer(815301076,1909f56bfc062723c751e8b465ee728b)  -> (artifact id: '448f4929183e327537f2399b82117c3b') in 0.026234 seconds
  Import took 0.030607 seconds .

========================================================================
Received Import Request.
  Time since last request: 8.538221 seconds.
  path: Assets/Asteroid.prefab
  artifactKey: Guid(d7941ffaa4207ba479802c91dafe3e37) Importer(815301076,1909f56bfc062723c751e8b465ee728b)
Start importing Assets/Asteroid.prefab using Guid(d7941ffaa4207ba479802c91dafe3e37) Importer(815301076,1909f56bfc062723c751e8b465ee728b)  -> (artifact id: '8f768b178851eb38b53e7a234854a780') in 0.026790 seconds
  Import took 0.031633 seconds .

========================================================================
Received Import Request.
  Time since last request: 7.078825 seconds.
  path: Assets/Asteroid.prefab
  artifactKey: Guid(d7941ffaa4207ba479802c91dafe3e37) Importer(815301076,1909f56bfc062723c751e8b465ee728b)
Start importing Assets/Asteroid.prefab using Guid(d7941ffaa4207ba479802c91dafe3e37) Importer(815301076,1909f56bfc062723c751e8b465ee728b)  -> (artifact id: '84af6b481feebcd3ff8a6df734e6da35') in 0.026267 seconds
  Import took 0.030729 seconds .

========================================================================
Received Prepare
Registering precompiled user dll's ...
Registered in 0.000969 seconds.
Begin MonoManager ReloadAssembly
Native extension for WindowsStandalone target not found
Refreshing native plugins compatible for Editor in 0.32 ms, found 0 plugins.
Preloading 0 native plugins for Editor in 0.00 ms.
Invoked RoslynAnalysisRunner static constructor.
RoslynAnalysisRunner will not be running.
RoslynAnalysisRunner has terminated.
Mono: successfully reloaded assembly
- Completed reload, in  1.060 seconds
Platform modules already initialized, skipping
Shader 'WFX/Transparent Specular': fallback shader 'Particles/Alpha Blended' not found
Shader 'WFX/Transparent Diffuse': fallback shader 'Particles/Alpha Blended' not found
Refreshing native plugins compatible for Editor in 0.33 ms, found 0 plugins.
Preloading 0 native plugins for Editor in 0.00 ms.
Unloading 1080 Unused Serialized files (Serialized files now loaded: 0)
System memory in use before: 62.5 MB.
System memory in use after: 62.6 MB.

Unloading 4 unused Assets to reduce memory usage. Loaded Objects now: 1564.
Total: 1.618500 ms (FindLiveObjects: 0.133500 ms CreateObjectMapping: 0.050300 ms MarkObjects: 1.419900 ms  DeleteObjects: 0.013600 ms)

========================================================================
Received Import Request.
  Time since last request: 30.555473 seconds.
  path: Assets/Asteroid.prefab
  artifactKey: Guid(d7941ffaa4207ba479802c91dafe3e37) Importer(815301076,1909f56bfc062723c751e8b465ee728b)
Start importing Assets/Asteroid.prefab using Guid(d7941ffaa4207ba479802c91dafe3e37) Importer(815301076,1909f56bfc062723c751e8b465ee728b)  -> (artifact id: '4ab170ad13f0d4c1894d0affe71df1ff') in 0.098243 seconds
  Import took 0.102207 seconds .

========================================================================
Received Prepare
Registering precompiled user dll's ...
Registered in 0.000897 seconds.
Begin MonoManager ReloadAssembly
Native extension for WindowsStandalone target not found
Refreshing native plugins compatible for Editor in 0.35 ms, found 0 plugins.
Preloading 0 native plugins for Editor in 0.00 ms.
Invoked RoslynAnalysisRunner static constructor.
RoslynAnalysisRunner will not be running.
RoslynAnalysisRunner has terminated.
Mono: successfully reloaded assembly
- Completed reload, in  0.970 seconds
Platform modules already initialized, skipping
Shader 'WFX/Transparent Specular': fallback shader 'Particles/Alpha Blended' not found
Shader 'WFX/Transparent Diffuse': fallback shader 'Particles/Alpha Blended' not found
Refreshing native plugins compatible for Editor in 0.32 ms, found 0 plugins.
Preloading 0 native plugins for Editor in 0.00 ms.
Unloading 1080 Unused Serialized files (Serialized files now loaded: 0)
System memory in use before: 62.1 MB.
System memory in use after: 62.2 MB.

Unloading 4 unused Assets to reduce memory usage. Loaded Objects now: 1567.
Total: 1.681300 ms (FindLiveObjects: 0.158300 ms CreateObjectMapping: 0.048100 ms MarkObjects: 1.457200 ms  DeleteObjects: 0.016100 ms)

========================================================================
Received Prepare
Registering precompiled user dll's ...
Registered in 0.001193 seconds.
Begin MonoManager ReloadAssembly
Native extension for WindowsStandalone target not found
Refreshing native plugins compatible for Editor in 0.53 ms, found 0 plugins.
Preloading 0 native plugins for Editor in 0.00 ms.
Invoked RoslynAnalysisRunner static constructor.
RoslynAnalysisRunner will not be running.
RoslynAnalysisRunner has terminated.
Mono: successfully reloaded assembly
- Completed reload, in  1.426 seconds
Platform modules already initialized, skipping
Shader 'WFX/Transparent Specular': fallback shader 'Particles/Alpha Blended' not found
Shader 'WFX/Transparent Diffuse': fallback shader 'Particles/Alpha Blended' not found
Refreshing native plugins compatible for Editor in 0.34 ms, found 0 plugins.
Preloading 0 native plugins for Editor in 0.00 ms.
Unloading 1080 Unused Serialized files (Serialized files now loaded: 0)
System memory in use before: 62.5 MB.
System memory in use after: 62.6 MB.

Unloading 4 unused Assets to reduce memory usage. Loaded Objects now: 1569.
Total: 2.133800 ms (FindLiveObjects: 0.406100 ms CreateObjectMapping: 0.060200 ms MarkObjects: 1.644900 ms  DeleteObjects: 0.020400 ms)

========================================================================
Received Prepare
Registering precompiled user dll's ...
Registered in 0.000876 seconds.
Begin MonoManager ReloadAssembly
Native extension for WindowsStandalone target not found
Refreshing native plugins compatible for Editor in 0.33 ms, found 0 plugins.
Preloading 0 native plugins for Editor in 0.00 ms.
Invoked RoslynAnalysisRunner static constructor.
RoslynAnalysisRunner will not be running.
RoslynAnalysisRunner has terminated.
Mono: successfully reloaded assembly
- Completed reload, in  0.950 seconds
Platform modules already initialized, skipping
Shader 'WFX/Transparent Specular': fallback shader 'Particles/Alpha Blended' not found
Shader 'WFX/Transparent Diffuse': fallback shader 'Particles/Alpha Blended' not found
Refreshing native plugins compatible for Editor in 0.31 ms, found 0 plugins.
Preloading 0 native plugins for Editor in 0.00 ms.
Unloading 1080 Unused Serialized files (Serialized files now loaded: 0)
System memory in use before: 61.9 MB.
System memory in use after: 62.0 MB.

Unloading 4 unused Assets to reduce memory usage. Loaded Objects now: 1571.
Total: 1.931700 ms (FindLiveObjects: 0.184300 ms CreateObjectMapping: 0.051100 ms MarkObjects: 1.672500 ms  DeleteObjects: 0.022000 ms)

========================================================================
Received Prepare
Registering precompiled user dll's ...
Registered in 0.000904 seconds.
Begin MonoManager ReloadAssembly
Native extension for WindowsStandalone target not found
Refreshing native plugins compatible for Editor in 0.32 ms, found 0 plugins.
Preloading 0 native plugins for Editor in 0.00 ms.
Invoked RoslynAnalysisRunner static constructor.
RoslynAnalysisRunner will not be running.
RoslynAnalysisRunner has terminated.
Mono: successfully reloaded assembly
- Completed reload, in  0.979 seconds
Platform modules already initialized, skipping
Shader 'WFX/Transparent Specular': fallback shader 'Particles/Alpha Blended' not found
Shader 'WFX/Transparent Diffuse': fallback shader 'Particles/Alpha Blended' not found
Refreshing native plugins compatible for Editor in 0.33 ms, found 0 plugins.
Preloading 0 native plugins for Editor in 0.00 ms.
Unloading 1080 Unused Serialized files (Serialized files now loaded: 0)
System memory in use before: 62.3 MB.
System memory in use after: 62.4 MB.

Unloading 4 unused Assets to reduce memory usage. Loaded Objects now: 1573.
Total: 1.666900 ms (FindLiveObjects: 0.154700 ms CreateObjectMapping: 0.051500 ms MarkObjects: 1.444100 ms  DeleteObjects: 0.014900 ms)

========================================================================
Received Import Request.
  Time since last request: 949.578298 seconds.
  path: Assets/Asteroid.prefab
  artifactKey: Guid(d7941ffaa4207ba479802c91dafe3e37) Importer(815301076,1909f56bfc062723c751e8b465ee728b)
Start importing Assets/Asteroid.prefab using Guid(d7941ffaa4207ba479802c91dafe3e37) Importer(815301076,1909f56bfc062723c751e8b465ee728b)  -> (artifact id: '8855fccdef0671465dcd273e9324822e') in 0.101983 seconds
  Import took 0.106951 seconds .

========================================================================
Received Prepare
Registering precompiled user dll's ...
Registered in 0.000972 seconds.
Begin MonoManager ReloadAssembly
Native extension for WindowsStandalone target not found
Refreshing native plugins compatible for Editor in 0.33 ms, found 0 plugins.
Preloading 0 native plugins for Editor in 0.00 ms.
Invoked RoslynAnalysisRunner static constructor.
RoslynAnalysisRunner will not be running.
RoslynAnalysisRunner has terminated.
Mono: successfully reloaded assembly
- Completed reload, in  0.988 seconds
Platform modules already initialized, skipping
Shader 'WFX/Transparent Specular': fallback shader 'Particles/Alpha Blended' not found
Shader 'WFX/Transparent Diffuse': fallback shader 'Particles/Alpha Blended' not found
Refreshing native plugins compatible for Editor in 0.34 ms, found 0 plugins.
Preloading 0 native plugins for Editor in 0.00 ms.
Unloading 1080 Unused Serialized files (Serialized files now loaded: 0)
System memory in use before: 62.5 MB.
System memory in use after: 62.6 MB.

Unloading 4 unused Assets to reduce memory usage. Loaded Objects now: 1576.
Total: 1.828200 ms (FindLiveObjects: 0.263300 ms CreateObjectMapping: 0.061400 ms MarkObjects: 1.484500 ms  DeleteObjects: 0.016900 ms)

========================================================================
Received Import Request.
  Time since last request: 54.063718 seconds.
  path: Assets/Asteroid.prefab
  artifactKey: Guid(d7941ffaa4207ba479802c91dafe3e37) Importer(815301076,1909f56bfc062723c751e8b465ee728b)
Start importing Assets/Asteroid.prefab using Guid(d7941ffaa4207ba479802c91dafe3e37) Importer(815301076,1909f56bfc062723c751e8b465ee728b)  -> (artifact id: 'e101b63887a66825ca9bc7fbdbd69c30') in 0.083775 seconds
  Import took 0.089058 seconds .

========================================================================
Received Import Request.
  Time since last request: 1.127943 seconds.
  path: Assets/ExplosionEffects
  artifactKey: Guid(9e349fc0dcfaf45e9826036fdd52f7d5) Importer(815301076,1909f56bfc062723c751e8b465ee728b)
Start importing Assets/ExplosionEffects using Guid(9e349fc0dcfaf45e9826036fdd52f7d5) Importer(815301076,1909f56bfc062723c751e8b465ee728b)  -> (artifact id: '4057839f7b9a118205d733a3ca99ea18') in 0.008089 seconds
  Import took 0.010817 seconds .

========================================================================
Received Prepare
Registering precompiled user dll's ...
Registered in 0.001199 seconds.
Begin MonoManager ReloadAssembly
Native extension for WindowsStandalone target not found
Refreshing native plugins compatible for Editor in 0.32 ms, found 0 plugins.
Preloading 0 native plugins for Editor in 0.00 ms.
Invoked RoslynAnalysisRunner static constructor.
RoslynAnalysisRunner will not be running.
RoslynAnalysisRunner has terminated.
Mono: successfully reloaded assembly
- Completed reload, in  0.998 seconds
Platform modules already initialized, skipping
Shader 'WFX/Transparent Specular': fallback shader 'Particles/Alpha Blended' not found
Shader 'WFX/Transparent Diffuse': fallback shader 'Particles/Alpha Blended' not found
Refreshing native plugins compatible for Editor in 0.32 ms, found 0 plugins.
Preloading 0 native plugins for Editor in 0.00 ms.
Unloading 1080 Unused Serialized files (Serialized files now loaded: 0)
System memory in use before: 62.1 MB.
System memory in use after: 62.2 MB.

Unloading 4 unused Assets to reduce memory usage. Loaded Objects now: 1579.
Total: 1.693300 ms (FindLiveObjects: 0.158900 ms CreateObjectMapping: 0.046300 ms MarkObjects: 1.471500 ms  DeleteObjects: 0.015300 ms)

========================================================================
Received Prepare
Registering precompiled user dll's ...
Registered in 0.000851 seconds.
Begin MonoManager ReloadAssembly
Native extension for WindowsStandalone target not found
Refreshing native plugins compatible for Editor in 0.32 ms, found 0 plugins.
Preloading 0 native plugins for Editor in 0.00 ms.
Invoked RoslynAnalysisRunner static constructor.
RoslynAnalysisRunner will not be running.
RoslynAnalysisRunner has terminated.
Mono: successfully reloaded assembly
- Completed reload, in  1.073 seconds
Platform modules already initialized, skipping
Shader 'WFX/Transparent Specular': fallback shader 'Particles/Alpha Blended' not found
Shader 'WFX/Transparent Diffuse': fallback shader 'Particles/Alpha Blended' not found
Refreshing native plugins compatible for Editor in 0.33 ms, found 0 plugins.
Preloading 0 native plugins for Editor in 0.00 ms.
Unloading 1080 Unused Serialized files (Serialized files now loaded: 0)
System memory in use before: 62.5 MB.
System memory in use after: 62.6 MB.

Unloading 4 unused Assets to reduce memory usage. Loaded Objects now: 1581.
Total: 1.803200 ms (FindLiveObjects: 0.210800 ms CreateObjectMapping: 0.050100 ms MarkObjects: 1.523200 ms  DeleteObjects: 0.017300 ms)

========================================================================
Received Import Request.
  Time since last request: 992.924702 seconds.
  path: Assets/Asteroid.prefab
  artifactKey: Guid(d7941ffaa4207ba479802c91dafe3e37) Importer(815301076,1909f56bfc062723c751e8b465ee728b)
Start importing Assets/Asteroid.prefab using Guid(d7941ffaa4207ba479802c91dafe3e37) Importer(815301076,1909f56bfc062723c751e8b465ee728b)  -> (artifact id: '4f5da918cd9b3f3207f6910c7229ca92') in 0.085006 seconds
  Import took 0.089544 seconds .

========================================================================
Received Import Request.
  Time since last request: 54.342939 seconds.
  path: Assets/AsteroidExplosion.prefab
  artifactKey: Guid(e899ca8c7a206224689c4d920bc21ea5) Importer(815301076,1909f56bfc062723c751e8b465ee728b)
Start importing Assets/AsteroidExplosion.prefab using Guid(e899ca8c7a206224689c4d920bc21ea5) Importer(815301076,1909f56bfc062723c751e8b465ee728b)  -> (artifact id: '904ec756ea6e789e60bc94087cb87848') in 0.011627 seconds
  Import took 0.014742 seconds .

========================================================================
Received Import Request.
  Time since last request: 0.301834 seconds.
  path: Assets/AsteroidExplosion.prefab
  artifactKey: Guid(e899ca8c7a206224689c4d920bc21ea5) Importer(815301076,1909f56bfc062723c751e8b465ee728b)
Start importing Assets/AsteroidExplosion.prefab using Guid(e899ca8c7a206224689c4d920bc21ea5) Importer(815301076,1909f56bfc062723c751e8b465ee728b)  -> (artifact id: '727a5ff84c9f2b60540d1928b75eacde') in 0.006666 seconds
  Import took 0.009931 seconds .

========================================================================
Received Import Request.
  Time since last request: 4.228305 seconds.
  path: Assets/AsteroidExplosion.prefab
  artifactKey: Guid(e899ca8c7a206224689c4d920bc21ea5) Importer(815301076,1909f56bfc062723c751e8b465ee728b)
Start importing Assets/AsteroidExplosion.prefab using Guid(e899ca8c7a206224689c4d920bc21ea5) Importer(815301076,1909f56bfc062723c751e8b465ee728b)  -> (artifact id: '9625d7f75ddc2c46dafbd7ba89b850da') in 0.006773 seconds
  Import took 0.009916 seconds .

========================================================================
Received Prepare
Registering precompiled user dll's ...
Registered in 0.000938 seconds.
Begin MonoManager ReloadAssembly
Native extension for WindowsStandalone target not found
Refreshing native plugins compatible for Editor in 0.34 ms, found 0 plugins.
Preloading 0 native plugins for Editor in 0.00 ms.
Invoked RoslynAnalysisRunner static constructor.
RoslynAnalysisRunner will not be running.
RoslynAnalysisRunner has terminated.
Mono: successfully reloaded assembly
- Completed reload, in  0.947 seconds
Platform modules already initialized, skipping
Shader 'WFX/Transparent Specular': fallback shader 'Particles/Alpha Blended' not found
Shader 'WFX/Transparent Diffuse': fallback shader 'Particles/Alpha Blended' not found
Refreshing native plugins compatible for Editor in 0.32 ms, found 0 plugins.
Preloading 0 native plugins for Editor in 0.00 ms.
Unloading 1080 Unused Serialized files (Serialized files now loaded: 0)
System memory in use before: 61.9 MB.
System memory in use after: 62.0 MB.

Unloading 4 unused Assets to reduce memory usage. Loaded Objects now: 1584.
Total: 1.711700 ms (FindLiveObjects: 0.140400 ms CreateObjectMapping: 0.050000 ms MarkObjects: 1.504700 ms  DeleteObjects: 0.015000 ms)

========================================================================
Received Import Request.
  Time since last request: 25.623593 seconds.
  path: Assets/AsteroidExplosion.prefab
  artifactKey: Guid(e899ca8c7a206224689c4d920bc21ea5) Importer(815301076,1909f56bfc062723c751e8b465ee728b)
Start importing Assets/AsteroidExplosion.prefab using Guid(e899ca8c7a206224689c4d920bc21ea5) Importer(815301076,1909f56bfc062723c751e8b465ee728b)  -> (artifact id: 'a31aae6d062cf1e7c38f52f8d72252b1') in 0.033642 seconds
  Import took 0.036668 seconds .

========================================================================
Received Prepare
Registering precompiled user dll's ...
Registered in 0.000830 seconds.
Begin MonoManager ReloadAssembly
Native extension for WindowsStandalone target not found
Refreshing native plugins compatible for Editor in 0.32 ms, found 0 plugins.
Preloading 0 native plugins for Editor in 0.00 ms.
Invoked RoslynAnalysisRunner static constructor.
RoslynAnalysisRunner will not be running.
RoslynAnalysisRunner has terminated.
Mono: successfully reloaded assembly
- Completed reload, in  0.936 seconds
Platform modules already initialized, skipping
Shader 'WFX/Transparent Specular': fallback shader 'Particles/Alpha Blended' not found
Shader 'WFX/Transparent Diffuse': fallback shader 'Particles/Alpha Blended' not found
Refreshing native plugins compatible for Editor in 0.32 ms, found 0 plugins.
Preloading 0 native plugins for Editor in 0.00 ms.
Unloading 1080 Unused Serialized files (Serialized files now loaded: 0)
System memory in use before: 62.4 MB.
System memory in use after: 62.4 MB.

Unloading 4 unused Assets to reduce memory usage. Loaded Objects now: 1586.
Total: 1.736200 ms (FindLiveObjects: 0.156200 ms CreateObjectMapping: 0.049500 ms MarkObjects: 1.512800 ms  DeleteObjects: 0.016200 ms)

========================================================================
Received Prepare
Registering precompiled user dll's ...
Registered in 0.000907 seconds.
Begin MonoManager ReloadAssembly
Native extension for WindowsStandalone target not found
Refreshing native plugins compatible for Editor in 0.32 ms, found 0 plugins.
Preloading 0 native plugins for Editor in 0.00 ms.
Invoked RoslynAnalysisRunner static constructor.
RoslynAnalysisRunner will not be running.
RoslynAnalysisRunner has terminated.
Mono: successfully reloaded assembly
- Completed reload, in  1.437 seconds
Platform modules already initialized, skipping
Shader 'WFX/Transparent Specular': fallback shader 'Particles/Alpha Blended' not found
Shader 'WFX/Transparent Diffuse': fallback shader 'Particles/Alpha Blended' not found
Refreshing native plugins compatible for Editor in 0.33 ms, found 0 plugins.
Preloading 0 native plugins for Editor in 0.00 ms.
Unloading 1080 Unused Serialized files (Serialized files now loaded: 0)
System memory in use before: 62.5 MB.
System memory in use after: 62.6 MB.

Unloading 4 unused Assets to reduce memory usage. Loaded Objects now: 1588.
Total: 1.753500 ms (FindLiveObjects: 0.151000 ms CreateObjectMapping: 0.050700 ms MarkObjects: 1.532300 ms  DeleteObjects: 0.018200 ms)

========================================================================
Received Prepare
Registering precompiled user dll's ...
Registered in 0.000898 seconds.
Begin MonoManager ReloadAssembly
Native extension for WindowsStandalone target not found
Refreshing native plugins compatible for Editor in 0.32 ms, found 0 plugins.
Preloading 0 native plugins for Editor in 0.00 ms.
Invoked RoslynAnalysisRunner static constructor.
RoslynAnalysisRunner will not be running.
RoslynAnalysisRunner has terminated.
Mono: successfully reloaded assembly
- Completed reload, in  0.936 seconds
Platform modules already initialized, skipping
Shader 'WFX/Transparent Specular': fallback shader 'Particles/Alpha Blended' not found
Shader 'WFX/Transparent Diffuse': fallback shader 'Particles/Alpha Blended' not found
Refreshing native plugins compatible for Editor in 0.37 ms, found 0 plugins.
Preloading 0 native plugins for Editor in 0.00 ms.
Unloading 1080 Unused Serialized files (Serialized files now loaded: 0)
System memory in use before: 62.2 MB.
System memory in use after: 62.3 MB.

Unloading 4 unused Assets to reduce memory usage. Loaded Objects now: 1590.
Total: 2.161600 ms (FindLiveObjects: 0.291600 ms CreateObjectMapping: 0.070100 ms MarkObjects: 1.774300 ms  DeleteObjects: 0.023400 ms)

========================================================================
Received Prepare
Registering precompiled user dll's ...
Registered in 0.000850 seconds.
Begin MonoManager ReloadAssembly
Native extension for WindowsStandalone target not found
Refreshing native plugins compatible for Editor in 0.33 ms, found 0 plugins.
Preloading 0 native plugins for Editor in 0.00 ms.
Invoked RoslynAnalysisRunner static constructor.
RoslynAnalysisRunner will not be running.
RoslynAnalysisRunner has terminated.
Mono: successfully reloaded assembly
- Completed reload, in  0.956 seconds
Platform modules already initialized, skipping
Shader 'WFX/Transparent Specular': fallback shader 'Particles/Alpha Blended' not found
Shader 'WFX/Transparent Diffuse': fallback shader 'Particles/Alpha Blended' not found
Refreshing native plugins compatible for Editor in 0.32 ms, found 0 plugins.
Preloading 0 native plugins for Editor in 0.00 ms.
Unloading 1080 Unused Serialized files (Serialized files now loaded: 0)
System memory in use before: 62.5 MB.
System memory in use after: 62.6 MB.

Unloading 4 unused Assets to reduce memory usage. Loaded Objects now: 1592.
Total: 1.701000 ms (FindLiveObjects: 0.162400 ms CreateObjectMapping: 0.053100 ms MarkObjects: 1.468900 ms  DeleteObjects: 0.015200 ms)

========================================================================
Received Import Request.
  Time since last request: 4084.803519 seconds.
  path: Assets/AsteroidExplosion.prefab
  artifactKey: Guid(e899ca8c7a206224689c4d920bc21ea5) Importer(815301076,1909f56bfc062723c751e8b465ee728b)
Start importing Assets/AsteroidExplosion.prefab using Guid(e899ca8c7a206224689c4d920bc21ea5) Importer(815301076,1909f56bfc062723c751e8b465ee728b)  -> (artifact id: '152353d92ca0ce2a2cc9268a2e244242') in 0.048103 seconds
  Import took 0.051974 seconds .

========================================================================
Received Prepare
Registering precompiled user dll's ...
Registered in 0.000967 seconds.
Begin MonoManager ReloadAssembly
Native extension for WindowsStandalone target not found
Refreshing native plugins compatible for Editor in 0.32 ms, found 0 plugins.
Preloading 0 native plugins for Editor in 0.00 ms.
Invoked RoslynAnalysisRunner static constructor.
RoslynAnalysisRunner will not be running.
RoslynAnalysisRunner has terminated.
Mono: successfully reloaded assembly
- Completed reload, in  0.985 seconds
Platform modules already initialized, skipping
Shader 'WFX/Transparent Specular': fallback shader 'Particles/Alpha Blended' not found
Shader 'WFX/Transparent Diffuse': fallback shader 'Particles/Alpha Blended' not found
Refreshing native plugins compatible for Editor in 0.33 ms, found 0 plugins.
Preloading 0 native plugins for Editor in 0.00 ms.
Unloading 1080 Unused Serialized files (Serialized files now loaded: 0)
System memory in use before: 62.0 MB.
System memory in use after: 62.1 MB.

Unloading 4 unused Assets to reduce memory usage. Loaded Objects now: 1594.
Total: 1.692900 ms (FindLiveObjects: 0.164700 ms CreateObjectMapping: 0.047100 ms MarkObjects: 1.465200 ms  DeleteObjects: 0.014500 ms)

AssetImportWorkerClient::OnTransportError - code=2 error=End of file
