Using pre-set license
Built from '2020.3/release' branch; Version is '2020.3.2f1 (8fd9074bf66c) revision 9427207'; Using compiler version '192528614'; Build Type 'Release'
OS: 'Windows 10 Home Single Language; OS build 19042.928; Version 2009; 64bit' Language: 'ru' Physical Memory: 4019 MB
BatchMode: 1, IsHumanControllingUs: 0, StartBugReporterOnCrash: 0, Is64bit: 1, IsPro: 0

 COMMAND LINE ARGUMENTS:
C:\Program Files\Unity\Hub\Editor\2020.3.2f1\Editor\Unity.exe
-adb2
-batchMode
-noUpm
-name
AssetImportWorker2
-projectPath
E:/Project/SpaceGame2021
-logFile
Logs/AssetImportWorker2.log
-srvPort
63309
Successfully changed project path to: E:/Project/SpaceGame2021
E:/Project/SpaceGame2021
Using Asset Import Pipeline V2.
Refreshing native plugins compatible for Editor in 76.20 ms, found 0 plugins.
Preloading 0 native plugins for Editor in 0.00 ms.
Initialize engine version: 2020.3.2f1 (8fd9074bf66c)
[Subsystems] Discovering subsystems at path C:/Program Files/Unity/Hub/Editor/2020.3.2f1/Editor/Data/Resources/UnitySubsystems
[Subsystems] Discovering subsystems at path E:/Project/SpaceGame2021/Assets
GfxDevice: creating device client; threaded=0
Direct3D:
    Version:  Direct3D 11.0 [level 11.0]
    Renderer: NVIDIA GeForce 820M (ID=0x1140)
    Vendor:   
    VRAM:     979 MB
    Driver:   22.21.13.8205
Shader 'WFX/Transparent Specular': fallback shader 'Particles/Alpha Blended' not found
Shader 'WFX/Transparent Diffuse': fallback shader 'Particles/Alpha Blended' not found
Initialize mono
Mono path[0] = 'C:/Program Files/Unity/Hub/Editor/2020.3.2f1/Editor/Data/Managed'
Mono path[1] = 'C:/Program Files/Unity/Hub/Editor/2020.3.2f1/Editor/Data/MonoBleedingEdge/lib/mono/unityjit'
Mono config path = 'C:/Program Files/Unity/Hub/Editor/2020.3.2f1/Editor/Data/MonoBleedingEdge/etc'
Using monoOptions --debugger-agent=transport=dt_socket,embedding=1,server=y,suspend=n,address=127.0.0.1:56072
Begin MonoManager ReloadAssembly
Registering precompiled unity dll's ...
Register platform support module: C:/Program Files/Unity/Hub/Editor/2020.3.2f1/Editor/Data/PlaybackEngines/WindowsStandaloneSupport/UnityEditor.WindowsStandalone.Extensions.dll
Registered in 0.029739 seconds.
Native extension for WindowsStandalone target not found
Refreshing native plugins compatible for Editor in 91.17 ms, found 0 plugins.
Preloading 0 native plugins for Editor in 0.00 ms.
Invoked RoslynAnalysisRunner static constructor.
RoslynAnalysisRunner will not be running.
RoslynAnalysisRunner has terminated.
Mono: successfully reloaded assembly
- Completed reload, in 11.291 seconds
Platform modules already initialized, skipping
Registering precompiled user dll's ...
Registered in 0.020612 seconds.
Begin MonoManager ReloadAssembly
Native extension for WindowsStandalone target not found
Refreshing native plugins compatible for Editor in 0.44 ms, found 0 plugins.
Preloading 0 native plugins for Editor in 0.00 ms.
Invoked RoslynAnalysisRunner static constructor.
RoslynAnalysisRunner will not be running.
RoslynAnalysisRunner has terminated.
Mono: successfully reloaded assembly
- Completed reload, in  4.458 seconds
Platform modules already initialized, skipping
========================================================================
Worker process is ready to serve import requests
Shader 'WFX/Transparent Specular': fallback shader 'Particles/Alpha Blended' not found
Shader 'WFX/Transparent Diffuse': fallback shader 'Particles/Alpha Blended' not found
Launched and connected shader compiler UnityShaderCompiler.exe after 0.42 seconds
Refreshing native plugins compatible for Editor in 0.72 ms, found 0 plugins.
Preloading 0 native plugins for Editor in 0.00 ms.
Unloading 1140 Unused Serialized files (Serialized files now loaded: 0)
System memory in use before: 60.2 MB.
System memory in use after: 60.3 MB.

Unloading 9 unused Assets to reduce memory usage. Loaded Objects now: 1586.
Total: 4.949600 ms (FindLiveObjects: 0.521400 ms CreateObjectMapping: 0.127800 ms MarkObjects: 4.138400 ms  DeleteObjects: 0.159200 ms)

========================================================================
Received Import Request.
  path: Assets/Scenes
  artifactKey: Guid(aeb9d241ffd3f194eb15869dfd813c33) Importer(815301076,1909f56bfc062723c751e8b465ee728b)
Start importing Assets/Scenes using Guid(aeb9d241ffd3f194eb15869dfd813c33) Importer(815301076,1909f56bfc062723c751e8b465ee728b)  -> (artifact id: 'de86dc31a4ad7b0880f54157ff1f61c1') in 0.040751 seconds
  Import took 0.139708 seconds .

========================================================================
Received Import Request.
  Time since last request: 0.000678 seconds.
  path: Assets/Menu
  artifactKey: Guid(e9e1248f8c5684088a189873e6ccc183) Importer(815301076,1909f56bfc062723c751e8b465ee728b)
Start importing Assets/Menu using Guid(e9e1248f8c5684088a189873e6ccc183) Importer(815301076,1909f56bfc062723c751e8b465ee728b)  -> (artifact id: '2b6bc30daa2a13aee78fe6b11dfdcfee') in 0.032619 seconds
  Import took 0.084556 seconds .

========================================================================
Received Import Request.
  Time since last request: 0.000456 seconds.
  path: Assets/Space
  artifactKey: Guid(90b0f51532708384bab8e44cd5dcd8ce) Importer(815301076,1909f56bfc062723c751e8b465ee728b)
Start importing Assets/Space using Guid(90b0f51532708384bab8e44cd5dcd8ce) Importer(815301076,1909f56bfc062723c751e8b465ee728b)  -> (artifact id: '5b4bd630f39f4b764420a77a283d88f0') in 0.021853 seconds
  Import took 0.044657 seconds .

========================================================================
Received Import Request.
  Time since last request: 0.001058 seconds.
  path: Assets/StarField/StarField.prefab
  artifactKey: Guid(9930946b7c5f48e44aef1e56c2de7315) Importer(815301076,1909f56bfc062723c751e8b465ee728b)
Start importing Assets/StarField/StarField.prefab using Guid(9930946b7c5f48e44aef1e56c2de7315) Importer(815301076,1909f56bfc062723c751e8b465ee728b)  -> (artifact id: 'd7eb6ff143fe2e618a4519fde4dcda75') in 0.226860 seconds
  Import took 0.251822 seconds .

========================================================================
Received Import Request.
  Time since last request: 0.000378 seconds.
  path: Assets/StarField/Textures
  artifactKey: Guid(5a5866c6b27c24ebdad0d314bc452684) Importer(815301076,1909f56bfc062723c751e8b465ee728b)
Start importing Assets/StarField/Textures using Guid(5a5866c6b27c24ebdad0d314bc452684) Importer(815301076,1909f56bfc062723c751e8b465ee728b)  -> (artifact id: 'affb9d503121ca1bcaeaa74012ac0607') in 0.042881 seconds
  Import took 0.065671 seconds .

========================================================================
Received Import Request.
  Time since last request: 0.000412 seconds.
  path: Assets/Procedural fire
  artifactKey: Guid(2d64942fe7ee62d45b4390f432692f2d) Importer(815301076,1909f56bfc062723c751e8b465ee728b)
Start importing Assets/Procedural fire using Guid(2d64942fe7ee62d45b4390f432692f2d) Importer(815301076,1909f56bfc062723c751e8b465ee728b)  -> (artifact id: '5aa3ae1e980ddb71d0433747c4e9b88b') in 0.017458 seconds
  Import took 0.025424 seconds .

========================================================================
Received Import Request.
  Time since last request: 0.000633 seconds.
  path: Assets/StarField
  artifactKey: Guid(054f1951aada7471bb8b1193234139c2) Importer(815301076,1909f56bfc062723c751e8b465ee728b)
Start importing Assets/StarField using Guid(054f1951aada7471bb8b1193234139c2) Importer(815301076,1909f56bfc062723c751e8b465ee728b)  -> (artifact id: 'd3fd7faf4187103e4497d9170e6b5848') in 0.046429 seconds
  Import took 0.071928 seconds .

========================================================================
Received Import Request.
  Time since last request: 0.000403 seconds.
  path: Assets/Scenes/SampleScene.unity
  artifactKey: Guid(9fc0d4010bbf28b4594072e72b8655ab) Importer(815301076,1909f56bfc062723c751e8b465ee728b)
Start importing Assets/Scenes/SampleScene.unity using Guid(9fc0d4010bbf28b4594072e72b8655ab) Importer(815301076,1909f56bfc062723c751e8b465ee728b)  -> (artifact id: '573dd9d6c1e8d95c5832267f8027e538') in 0.017491 seconds
  Import took 0.034088 seconds .

========================================================================
Received Import Request.
  Time since last request: 9331.279559 seconds.
  path: Assets/AsteroidScript.cs
  artifactKey: Guid(a088ff34f55d47248940f1d899fad411) Importer(815301076,1909f56bfc062723c751e8b465ee728b)
Start importing Assets/AsteroidScript.cs using Guid(a088ff34f55d47248940f1d899fad411) Importer(815301076,1909f56bfc062723c751e8b465ee728b)  -> (artifact id: '5b32926f9fac47b2c064c5546784fa5e') in 1.059072 seconds
  Import took 2.137957 seconds .

========================================================================
Received Import Request.
  Time since last request: 262.629120 seconds.
  path: Assets/PauseSkript.cs
  artifactKey: Guid(172bcbd792784fa459dbffc5b64185d5) Importer(815301076,1909f56bfc062723c751e8b465ee728b)
Start importing Assets/PauseSkript.cs using Guid(172bcbd792784fa459dbffc5b64185d5) Importer(815301076,1909f56bfc062723c751e8b465ee728b)  -> (artifact id: 'e1283181ab186805c2ee92adeff9a7eb') in 0.149588 seconds
  Import took 0.221645 seconds .

