Using pre-set license
Built from '2020.2/release' branch; Version is '2020.2.1f1 (270dd8c3da1c) revision 2559448'; Using compiler version '192528614'; Build Type 'Release'
OS: 'Windows 10  (10.0.0) 64bit' Language: 'ru' Physical Memory: 4019 MB
BatchMode: 1, IsHumanControllingUs: 0, StartBugReporterOnCrash: 0, Is64bit: 1, IsPro: 0

 COMMAND LINE ARGUMENTS:
C:\Program Files\Unity\Hub\Editor\2020.2.1f1\Editor\Unity.exe
-adb2
-batchMode
-noUpm
-name
AssetImportWorker4
-projectPath
E:/Project/SpaceGame2021
-logFile
Logs/AssetImportWorker4.log
-srvPort
50349
Successfully changed project path to: E:/Project/SpaceGame2021
E:/Project/SpaceGame2021
Using Asset Import Pipeline V2.
Refreshing native plugins compatible for Editor in 52.36 ms, found 0 plugins.
Preloading 0 native plugins for Editor in 0.00 ms.
Initialize engine version: 2020.2.1f1 (270dd8c3da1c)
[Subsystems] Discovering subsystems at path C:/Program Files/Unity/Hub/Editor/2020.2.1f1/Editor/Data/Resources/UnitySubsystems
[Subsystems] Discovering subsystems at path E:/Project/SpaceGame2021/Assets
GfxDevice: creating device client; threaded=0
Direct3D:
    Version:  Direct3D 11.0 [level 11.0]
    Renderer: NVIDIA GeForce 820M (ID=0x1140)
    Vendor:   
    VRAM:     979 MB
    Driver:   22.21.13.8205
Shader 'WFX/Transparent Specular': fallback shader 'Particles/Alpha Blended' not found
Shader 'WFX/Transparent Diffuse': fallback shader 'Particles/Alpha Blended' not found
Initialize mono
Mono path[0] = 'C:/Program Files/Unity/Hub/Editor/2020.2.1f1/Editor/Data/Managed'
Mono path[1] = 'C:/Program Files/Unity/Hub/Editor/2020.2.1f1/Editor/Data/MonoBleedingEdge/lib/mono/unityjit'
Mono config path = 'C:/Program Files/Unity/Hub/Editor/2020.2.1f1/Editor/Data/MonoBleedingEdge/etc'
Using monoOptions --debugger-agent=transport=dt_socket,embedding=1,server=y,suspend=n,address=127.0.0.1:56728
Begin MonoManager ReloadAssembly
Registering precompiled unity dll's ...
Register platform support module: C:/Program Files/Unity/Hub/Editor/2020.2.1f1/Editor/Data/PlaybackEngines/WindowsStandaloneSupport/UnityEditor.WindowsStandalone.Extensions.dll
Registered in 0.003527 seconds.
Native extension for WindowsStandalone target not found
Refreshing native plugins compatible for Editor in 57.61 ms, found 0 plugins.
Preloading 0 native plugins for Editor in 0.00 ms.
Invoked RoslynAnalysisRunner static constructor.
RoslynAnalysisRunner will not be running.
RoslynAnalysisRunner has terminated.
Mono: successfully reloaded assembly
- Completed reload, in  3.717 seconds
Platform modules already initialized, skipping
Registering precompiled user dll's ...
Registered in 0.000981 seconds.
Begin MonoManager ReloadAssembly
Native extension for WindowsStandalone target not found
Refreshing native plugins compatible for Editor in 0.43 ms, found 0 plugins.
Preloading 0 native plugins for Editor in 0.00 ms.
Invoked RoslynAnalysisRunner static constructor.
RoslynAnalysisRunner will not be running.
RoslynAnalysisRunner has terminated.
Mono: successfully reloaded assembly
- Completed reload, in  2.765 seconds
Platform modules already initialized, skipping
========================================================================
Worker process is ready to serve import requests
Shader 'WFX/Transparent Specular': fallback shader 'Particles/Alpha Blended' not found
Shader 'WFX/Transparent Diffuse': fallback shader 'Particles/Alpha Blended' not found
Launched and connected shader compiler UnityShaderCompiler.exe after 0.34 seconds
Refreshing native plugins compatible for Editor in 0.35 ms, found 0 plugins.
Preloading 0 native plugins for Editor in 0.00 ms.
Unloading 1099 Unused Serialized files (Serialized files now loaded: 0)
System memory in use before: 59.6 MB.
System memory in use after: 59.6 MB.

Unloading 9 unused Assets to reduce memory usage. Loaded Objects now: 1544.
Total: 3.372000 ms (FindLiveObjects: 0.192400 ms CreateObjectMapping: 0.087100 ms MarkObjects: 2.886800 ms  DeleteObjects: 0.202700 ms)

========================================================================
Received Import Request.
  path: Assets/Controller.cs
  artifactKey: Guid(5030f73d772449a4f93218fdf6c3d382) Importer(815301076,1909f56bfc062723c751e8b465ee728b)
Start importing Assets/Controller.cs using Guid(5030f73d772449a4f93218fdf6c3d382) Importer(815301076,1909f56bfc062723c751e8b465ee728b)  -> (artifact id: '589839da045b9e49f7427f671286e188') in 1.640084 seconds
  Import took 1.739084 seconds .

========================================================================
Received Import Request.
  Time since last request: 0.000345 seconds.
  path: Assets/Asteroid.prefab
  artifactKey: Guid(d7941ffaa4207ba479802c91dafe3e37) Importer(815301076,1909f56bfc062723c751e8b465ee728b)
Start importing Assets/Asteroid.prefab using Guid(d7941ffaa4207ba479802c91dafe3e37) Importer(815301076,1909f56bfc062723c751e8b465ee728b)  -> (artifact id: '9d3703d8d0d6d2b9043e5e0fc6b65b78') in 9.056682 seconds
  Import took 9.356992 seconds .

========================================================================
Received Import Request.
  Time since last request: 0.000446 seconds.
  path: Assets/LaserShot.prefab
  artifactKey: Guid(eedf706fca3d9784f93480df2fa70daa) Importer(815301076,1909f56bfc062723c751e8b465ee728b)
Start importing Assets/LaserShot.prefab using Guid(eedf706fca3d9784f93480df2fa70daa) Importer(815301076,1909f56bfc062723c751e8b465ee728b)  -> (artifact id: '87fcd03f160777be50ea3f00695ed0d4') in 1.043843 seconds
  Import took 1.109209 seconds .

========================================================================
Received Import Request.
  Time since last request: 0.000626 seconds.
  path: Assets/AsteroidExplosion.prefab
  artifactKey: Guid(e899ca8c7a206224689c4d920bc21ea5) Importer(815301076,1909f56bfc062723c751e8b465ee728b)
Start importing Assets/AsteroidExplosion.prefab using Guid(e899ca8c7a206224689c4d920bc21ea5) Importer(815301076,1909f56bfc062723c751e8b465ee728b)  -> (artifact id: 'ffe65898eacfc9e5ccbb2a919b9a0a8e') in 0.208283 seconds
  Import took 0.735239 seconds .

========================================================================
Received Import Request.
  Time since last request: 0.000341 seconds.
  path: Assets/FireFlyExplosion.prefab
  artifactKey: Guid(e4f6c6dffecff41429f3c4b6692be985) Importer(815301076,1909f56bfc062723c751e8b465ee728b)
Start importing Assets/FireFlyExplosion.prefab using Guid(e4f6c6dffecff41429f3c4b6692be985) Importer(815301076,1909f56bfc062723c751e8b465ee728b)  -> (artifact id: '295a639d379a56e408fe3aab4324b76a') in 0.415438 seconds
  Import took 0.716195 seconds .

========================================================================
Received Prepare
Registering precompiled user dll's ...
Registered in 0.000996 seconds.
Begin MonoManager ReloadAssembly
Native extension for WindowsStandalone target not found
Refreshing native plugins compatible for Editor in 0.60 ms, found 0 plugins.
Preloading 0 native plugins for Editor in 0.00 ms.
Invoked RoslynAnalysisRunner static constructor.
RoslynAnalysisRunner will not be running.
RoslynAnalysisRunner has terminated.
Mono: successfully reloaded assembly
- Completed reload, in 16.632 seconds
Platform modules already initialized, skipping
Shader 'WFX/Transparent Specular': fallback shader 'Particles/Alpha Blended' not found
Shader 'WFX/Transparent Diffuse': fallback shader 'Particles/Alpha Blended' not found
Refreshing native plugins compatible for Editor in 1.73 ms, found 0 plugins.
Preloading 0 native plugins for Editor in 0.00 ms.
Unloading 1082 Unused Serialized files (Serialized files now loaded: 0)
System memory in use before: 62.0 MB.
System memory in use after: 62.1 MB.

Unloading 4 unused Assets to reduce memory usage. Loaded Objects now: 1555.
Total: 40.136700 ms (FindLiveObjects: 0.685600 ms CreateObjectMapping: 0.162100 ms MarkObjects: 39.246900 ms  DeleteObjects: 0.037800 ms)

========================================================================
Received Import Request.
  Time since last request: 828.154634 seconds.
  path: Assets/Controller.cs
  artifactKey: Guid(5030f73d772449a4f93218fdf6c3d382) Importer(815301076,1909f56bfc062723c751e8b465ee728b)
Start importing Assets/Controller.cs using Guid(5030f73d772449a4f93218fdf6c3d382) Importer(815301076,1909f56bfc062723c751e8b465ee728b)  -> (artifact id: '37cc26fccc2bf322cb4ddb56876e0e6c') in 0.322120 seconds
  Import took 0.689811 seconds .

========================================================================
Received Prepare
Registering precompiled user dll's ...
Registered in 0.023612 seconds.
Begin MonoManager ReloadAssembly
Native extension for WindowsStandalone target not found
Refreshing native plugins compatible for Editor in 0.59 ms, found 0 plugins.
Preloading 0 native plugins for Editor in 0.00 ms.
Invoked RoslynAnalysisRunner static constructor.
RoslynAnalysisRunner will not be running.
RoslynAnalysisRunner has terminated.
Mono: successfully reloaded assembly
- Completed reload, in  8.124 seconds
Platform modules already initialized, skipping
Shader 'WFX/Transparent Specular': fallback shader 'Particles/Alpha Blended' not found
Shader 'WFX/Transparent Diffuse': fallback shader 'Particles/Alpha Blended' not found
Refreshing native plugins compatible for Editor in 0.50 ms, found 0 plugins.
Preloading 0 native plugins for Editor in 0.00 ms.
Unloading 1082 Unused Serialized files (Serialized files now loaded: 0)
System memory in use before: 63.0 MB.
System memory in use after: 63.1 MB.

Unloading 4 unused Assets to reduce memory usage. Loaded Objects now: 1557.
Total: 292.823900 ms (FindLiveObjects: 0.324200 ms CreateObjectMapping: 0.076100 ms MarkObjects: 277.028900 ms  DeleteObjects: 15.390800 ms)

========================================================================
Received Import Request.
  Time since last request: 704.005014 seconds.
  path: Assets/Controller.cs
  artifactKey: Guid(5030f73d772449a4f93218fdf6c3d382) Importer(815301076,1909f56bfc062723c751e8b465ee728b)
Start importing Assets/Controller.cs using Guid(5030f73d772449a4f93218fdf6c3d382) Importer(815301076,1909f56bfc062723c751e8b465ee728b)  -> (artifact id: 'dc82b00aab612080a873927cbfe7fb8d') in 0.330655 seconds
  Import took 0.550905 seconds .

========================================================================
Received Prepare
Registering precompiled user dll's ...
Registered in 0.000954 seconds.
Begin MonoManager ReloadAssembly
Native extension for WindowsStandalone target not found
Refreshing native plugins compatible for Editor in 0.42 ms, found 0 plugins.
Preloading 0 native plugins for Editor in 0.00 ms.
Invoked RoslynAnalysisRunner static constructor.
RoslynAnalysisRunner will not be running.
RoslynAnalysisRunner has terminated.
Mono: successfully reloaded assembly
- Completed reload, in  2.291 seconds
Platform modules already initialized, skipping
Shader 'WFX/Transparent Specular': fallback shader 'Particles/Alpha Blended' not found
Shader 'WFX/Transparent Diffuse': fallback shader 'Particles/Alpha Blended' not found
Refreshing native plugins compatible for Editor in 0.36 ms, found 0 plugins.
Preloading 0 native plugins for Editor in 0.00 ms.
Unloading 1082 Unused Serialized files (Serialized files now loaded: 0)
System memory in use before: 63.0 MB.
System memory in use after: 63.1 MB.

Unloading 4 unused Assets to reduce memory usage. Loaded Objects now: 1559.
Total: 2.781500 ms (FindLiveObjects: 0.201200 ms CreateObjectMapping: 0.099500 ms MarkObjects: 2.453700 ms  DeleteObjects: 0.025500 ms)

========================================================================
Received Prepare
Registering precompiled user dll's ...
Registered in 0.000956 seconds.
Begin MonoManager ReloadAssembly
Native extension for WindowsStandalone target not found
Refreshing native plugins compatible for Editor in 0.60 ms, found 0 plugins.
Preloading 0 native plugins for Editor in 0.00 ms.
Invoked RoslynAnalysisRunner static constructor.
RoslynAnalysisRunner will not be running.
RoslynAnalysisRunner has terminated.
Mono: successfully reloaded assembly
- Completed reload, in  5.094 seconds
Platform modules already initialized, skipping
Shader 'WFX/Transparent Specular': fallback shader 'Particles/Alpha Blended' not found
Shader 'WFX/Transparent Diffuse': fallback shader 'Particles/Alpha Blended' not found
Refreshing native plugins compatible for Editor in 0.85 ms, found 0 plugins.
Preloading 0 native plugins for Editor in 0.00 ms.
Unloading 1082 Unused Serialized files (Serialized files now loaded: 0)
System memory in use before: 63.1 MB.
System memory in use after: 63.2 MB.

Unloading 4 unused Assets to reduce memory usage. Loaded Objects now: 1561.
Total: 4.169200 ms (FindLiveObjects: 0.304500 ms CreateObjectMapping: 0.079000 ms MarkObjects: 3.745100 ms  DeleteObjects: 0.036900 ms)

========================================================================
Received Prepare
Registering precompiled user dll's ...
Registered in 0.001086 seconds.
Begin MonoManager ReloadAssembly
Native extension for WindowsStandalone target not found
Refreshing native plugins compatible for Editor in 0.38 ms, found 0 plugins.
Preloading 0 native plugins for Editor in 0.00 ms.
Invoked RoslynAnalysisRunner static constructor.
RoslynAnalysisRunner will not be running.
RoslynAnalysisRunner has terminated.
Mono: successfully reloaded assembly
- Completed reload, in  1.866 seconds
Platform modules already initialized, skipping
Shader 'WFX/Transparent Specular': fallback shader 'Particles/Alpha Blended' not found
Shader 'WFX/Transparent Diffuse': fallback shader 'Particles/Alpha Blended' not found
Refreshing native plugins compatible for Editor in 0.37 ms, found 0 plugins.
Preloading 0 native plugins for Editor in 0.00 ms.
Unloading 1082 Unused Serialized files (Serialized files now loaded: 0)
System memory in use before: 63.1 MB.
System memory in use after: 63.2 MB.

Unloading 4 unused Assets to reduce memory usage. Loaded Objects now: 1563.
Total: 4.180800 ms (FindLiveObjects: 0.205800 ms CreateObjectMapping: 0.068600 ms MarkObjects: 3.880500 ms  DeleteObjects: 0.023300 ms)

